[debug] [2025-02-24T16:34:41.321Z] ----------------------------------------------------------------------
[debug] [2025-02-24T16:34:41.324Z] Command:       C:\Program Files\nodejs\node.exe C:\Users\ivand\AppData\Roaming\npm\node_modules\firebase-tools\lib\bin\firebase.js init functions
[debug] [2025-02-24T16:34:41.325Z] CLI Version:   13.31.2
[debug] [2025-02-24T16:34:41.325Z] Platform:      win32
[debug] [2025-02-24T16:34:41.325Z] Node Version:  v20.11.1
[debug] [2025-02-24T16:34:41.325Z] Time:          Mon Feb 24 2025 18:34:41 GMT+0200 (за східноєвропейським стандартним часом)
[debug] [2025-02-24T16:34:41.325Z] ----------------------------------------------------------------------
[debug] 
[debug] [2025-02-24T16:34:41.329Z] >>> [apiv2][query] GET https://firebase-public.firebaseio.com/cli.json [none]
[debug] [2025-02-24T16:34:41.387Z] > command requires scopes: ["email","openid","https://www.googleapis.com/auth/cloudplatformprojects.readonly","https://www.googleapis.com/auth/firebase","https://www.googleapis.com/auth/cloud-platform"]
[debug] [2025-02-24T16:34:41.388Z] > authorizing via signed-in user (ivandaniliuk@gmail.com)
[info] 
     ######## #### ########  ######## ########     ###     ######  ########
     ##        ##  ##     ## ##       ##     ##  ##   ##  ##       ##
     ######    ##  ########  ######   ########  #########  ######  ######
     ##        ##  ##    ##  ##       ##     ## ##     ##       ## ##
     ##       #### ##     ## ######## ########  ##     ##  ######  ########

You're about to initialize a Firebase project in this directory:

  C:\Users\ivand\OneDrive\Документы\Frontend\Projects\real-estate

[debug] [2025-02-24T16:34:41.509Z] *** [apiv2] error from fetch(https://firebase-public.firebaseio.com/cli.json, {"headers":{},"method":"GET"}): FetchError: request to https://firebase-public.firebaseio.com/cli.json failed, reason: Client network socket disconnected before secure TLS connection was established
[warn] !  Unable to fetch the CLI MOTD and remote config. This is not a fatal error, but may indicate an issue with your network connection. 
[debug] [2025-02-24T16:34:41.510Z] Failed to fetch MOTD FirebaseError: Failed to make request to https://firebase-public.firebaseio.com/cli.json
[info] 
=== Project Setup
[info] 
[info] First, let's associate this project directory with a Firebase project.
[info] You can create multiple project aliases by running firebase use --add, 
[info] but for now we'll just set up a default project.
[info] 
[debug] [2025-02-24T16:35:11.417Z] Checked if tokens are valid: true, expires at: 1740418452095
[debug] [2025-02-24T16:35:11.417Z] Checked if tokens are valid: true, expires at: 1740418452095
[debug] [2025-02-24T16:35:11.418Z] >>> [apiv2][query] GET https://firebase.googleapis.com/v1beta1/projects pageSize=100
[debug] [2025-02-24T16:35:11.742Z] <<< [apiv2][status] GET https://firebase.googleapis.com/v1beta1/projects 403
[debug] [2025-02-24T16:35:11.742Z] <<< [apiv2][body] GET https://firebase.googleapis.com/v1beta1/projects [omitted]
[debug] [2025-02-24T16:35:11.742Z] Unable to parse JSON: SyntaxError: Unexpected token '<', "<!DOCTYPE "... is not valid JSON
[debug] [2025-02-24T16:35:11.920Z] FirebaseError: Unable to parse JSON: SyntaxError: Unexpected token '<', "<!DOCTYPE "... is not valid JSON
    at RetryOperation._fn (C:\Users\ivand\AppData\Roaming\npm\node_modules\firebase-tools\lib\apiv2.js:279:39)
    at process.processTicksAndRejections (node:internal/process/task_queues:95:5)
[error] 
[error] Error: Failed to list Firebase projects. See firebase-debug.log for more info.
